{"/Users/fandupratamalakuana/freelance/FlipTask/src/assets/icon/index.ts": {"path":"/Users/fandupratamalakuana/freelance/FlipTask/src/assets/icon/index.ts","statementMap":{"0":{"start":{"line":1,"column":34},"end":{"line":1,"column":48}},"1":{"start":{"line":2,"column":34},"end":{"line":2,"column":49}},"2":{"start":{"line":3,"column":30},"end":{"line":3,"column":46}},"3":{"start":{"line":4,"column":37},"end":{"line":4,"column":55}},"4":{"start":{"line":5,"column":36},"end":{"line":5,"column":58}},"5":{"start":{"line":6,"column":43},"end":{"line":6,"column":62}},"6":{"start":{"line":7,"column":33},"end":{"line":7,"column":52}},"7":{"start":{"line":8,"column":40},"end":{"line":8,"column":61}},"8":{"start":{"line":9,"column":38},"end":{"line":9,"column":62}},"9":{"start":{"line":10,"column":30},"end":{"line":10,"column":46}},"10":{"start":{"line":11,"column":37},"end":{"line":11,"column":55}},"11":{"start":{"line":12,"column":31},"end":{"line":12,"column":43}},"12":{"start":{"line":13,"column":31},"end":{"line":13,"column":43}},"13":{"start":{"line":14,"column":28},"end":{"line":14,"column":42}},"14":{"start":{"line":15,"column":25},"end":{"line":15,"column":36}},"15":{"start":{"line":16,"column":32},"end":{"line":16,"column":50}},"16":{"start":{"line":17,"column":27},"end":{"line":17,"column":40}},"17":{"start":{"line":18,"column":25},"end":{"line":18,"column":36}},"18":{"start":{"line":19,"column":27},"end":{"line":19,"column":40}},"19":{"start":{"line":20,"column":29},"end":{"line":20,"column":44}},"20":{"start":{"line":21,"column":35},"end":{"line":21,"column":50}},"21":{"start":{"line":22,"column":32},"end":{"line":22,"column":52}},"22":{"start":{"line":23,"column":31},"end":{"line":23,"column":50}},"23":{"start":{"line":24,"column":29},"end":{"line":24,"column":46}},"24":{"start":{"line":25,"column":39},"end":{"line":25,"column":63}},"25":{"start":{"line":26,"column":37},"end":{"line":26,"column":60}},"26":{"start":{"line":27,"column":27},"end":{"line":27,"column":40}},"27":{"start":{"line":28,"column":24},"end":{"line":28,"column":34}},"28":{"start":{"line":29,"column":33},"end":{"line":29,"column":47}},"29":{"start":{"line":30,"column":26},"end":{"line":30,"column":38}},"30":{"start":{"line":31,"column":28},"end":{"line":31,"column":42}},"31":{"start":{"line":32,"column":26},"end":{"line":32,"column":38}},"32":{"start":{"line":33,"column":25},"end":{"line":33,"column":36}},"33":{"start":{"line":34,"column":29},"end":{"line":34,"column":44}},"34":{"start":{"line":35,"column":36},"end":{"line":35,"column":64}},"35":{"start":{"line":36,"column":33},"end":{"line":36,"column":52}},"36":{"start":{"line":37,"column":26},"end":{"line":37,"column":38}},"37":{"start":{"line":38,"column":30},"end":{"line":38,"column":42}},"38":{"start":{"line":39,"column":28},"end":{"line":39,"column":42}},"39":{"start":{"line":40,"column":25},"end":{"line":40,"column":46}},"40":{"start":{"line":41,"column":30},"end":{"line":41,"column":41}},"41":{"start":{"line":42,"column":29},"end":{"line":42,"column":39}},"42":{"start":{"line":43,"column":25},"end":{"line":43,"column":36}},"43":{"start":{"line":44,"column":26},"end":{"line":44,"column":38}},"44":{"start":{"line":45,"column":25},"end":{"line":45,"column":36}},"45":{"start":{"line":46,"column":29},"end":{"line":46,"column":43}},"46":{"start":{"line":47,"column":30},"end":{"line":47,"column":45}},"47":{"start":{"line":48,"column":27},"end":{"line":48,"column":40}},"48":{"start":{"line":49,"column":30},"end":{"line":49,"column":46}},"49":{"start":{"line":50,"column":25},"end":{"line":50,"column":36}},"50":{"start":{"line":51,"column":32},"end":{"line":51,"column":50}}},"fnMap":{},"branchMap":{},"s":{"0":3,"1":3,"2":3,"3":3,"4":3,"5":3,"6":3,"7":3,"8":3,"9":3,"10":3,"11":3,"12":3,"13":3,"14":3,"15":3,"16":3,"17":3,"18":3,"19":3,"20":3,"21":3,"22":3,"23":3,"24":3,"25":3,"26":3,"27":3,"28":3,"29":3,"30":3,"31":3,"32":3,"33":3,"34":3,"35":3,"36":3,"37":3,"38":3,"39":3,"40":3,"41":3,"42":3,"43":3,"44":3,"45":3,"46":3,"47":3,"48":3,"49":3,"50":3},"f":{},"b":{},"_coverageSchema":"1a1c01bbd47fc00a2c39e90264f33305004495a9","hash":"e3425f7b92d4c05f4bd2ddbb524594f80b48d223"}
,"/Users/fandupratamalakuana/freelance/FlipTask/src/assets/image/index.ts": {"path":"/Users/fandupratamalakuana/freelance/FlipTask/src/assets/image/index.ts","statementMap":{"0":{"start":{"line":2,"column":40},"end":{"line":2,"column":70}}},"fnMap":{},"branchMap":{},"s":{"0":2},"f":{},"b":{},"_coverageSchema":"1a1c01bbd47fc00a2c39e90264f33305004495a9","hash":"aebfc9191f6b1b635ba86b7bf8926070d6426115"}
,"/Users/fandupratamalakuana/freelance/FlipTask/src/context/AppContext.ts": {"path":"/Users/fandupratamalakuana/freelance/FlipTask/src/context/AppContext.ts","statementMap":{"0":{"start":{"line":8,"column":43},"end":{"line":11,"column":1}},"1":{"start":{"line":10,"column":35},"end":{"line":10,"column":39}},"2":{"start":{"line":13,"column":20},"end":{"line":13,"column":68}}},"fnMap":{"0":{"name":"(anonymous_0)","decl":{"start":{"line":10,"column":29},"end":{"line":10,"column":30}},"loc":{"start":{"line":10,"column":35},"end":{"line":10,"column":39}},"line":10}},"branchMap":{},"s":{"0":1,"1":0,"2":1},"f":{"0":0},"b":{},"_coverageSchema":"1a1c01bbd47fc00a2c39e90264f33305004495a9","hash":"c55f8aedf396313dc5d263bd082cb40323ccca6a"}
,"/Users/fandupratamalakuana/freelance/FlipTask/src/helper/navigation/index.ts": {"path":"/Users/fandupratamalakuana/freelance/FlipTask/src/helper/navigation/index.ts","statementMap":{"0":{"start":{"line":4,"column":29},"end":{"line":4,"column":70}},"1":{"start":{"line":11,"column":24},"end":{"line":13,"column":1}},"2":{"start":{"line":12,"column":2},"end":{"line":12,"column":48}},"3":{"start":{"line":15,"column":25},"end":{"line":17,"column":1}},"4":{"start":{"line":16,"column":2},"end":{"line":16,"column":43}},"5":{"start":{"line":19,"column":22},"end":{"line":21,"column":1}},"6":{"start":{"line":20,"column":2},"end":{"line":20,"column":34}},"7":{"start":{"line":28,"column":23},"end":{"line":30,"column":1}},"8":{"start":{"line":29,"column":2},"end":{"line":29,"column":70}},"9":{"start":{"line":37,"column":20},"end":{"line":39,"column":1}},"10":{"start":{"line":38,"column":2},"end":{"line":38,"column":67}},"11":{"start":{"line":45,"column":19},"end":{"line":49,"column":1}},"12":{"start":{"line":46,"column":18},"end":{"line":46,"column":19}},"13":{"start":{"line":47,"column":2},"end":{"line":47,"column":43}},"14":{"start":{"line":47,"column":19},"end":{"line":47,"column":43}},"15":{"start":{"line":48,"column":2},"end":{"line":48,"column":63}},"16":{"start":{"line":54,"column":25},"end":{"line":56,"column":1}},"17":{"start":{"line":55,"column":2},"end":{"line":55,"column":59}},"18":{"start":{"line":64,"column":21},"end":{"line":84,"column":1}},"19":{"start":{"line":65,"column":2},"end":{"line":83,"column":5}},"20":{"start":{"line":66,"column":26},"end":{"line":66,"column":38}},"21":{"start":{"line":67,"column":29},"end":{"line":67,"column":82}},"22":{"start":{"line":67,"column":63},"end":{"line":67,"column":81}},"23":{"start":{"line":68,"column":4},"end":{"line":68,"column":47}},"24":{"start":{"line":70,"column":4},"end":{"line":76,"column":6}},"25":{"start":{"line":78,"column":4},"end":{"line":82,"column":7}}},"fnMap":{"0":{"name":"(anonymous_0)","decl":{"start":{"line":11,"column":24},"end":{"line":11,"column":25}},"loc":{"start":{"line":11,"column":82},"end":{"line":13,"column":1}},"line":11},"1":{"name":"(anonymous_1)","decl":{"start":{"line":15,"column":25},"end":{"line":15,"column":26}},"loc":{"start":{"line":15,"column":68},"end":{"line":17,"column":1}},"line":15},"2":{"name":"(anonymous_2)","decl":{"start":{"line":19,"column":22},"end":{"line":19,"column":23}},"loc":{"start":{"line":19,"column":34},"end":{"line":21,"column":1}},"line":19},"3":{"name":"(anonymous_3)","decl":{"start":{"line":28,"column":23},"end":{"line":28,"column":24}},"loc":{"start":{"line":28,"column":81},"end":{"line":30,"column":1}},"line":28},"4":{"name":"(anonymous_4)","decl":{"start":{"line":37,"column":20},"end":{"line":37,"column":21}},"loc":{"start":{"line":37,"column":78},"end":{"line":39,"column":1}},"line":37},"5":{"name":"(anonymous_5)","decl":{"start":{"line":45,"column":19},"end":{"line":45,"column":20}},"loc":{"start":{"line":45,"column":50},"end":{"line":49,"column":1}},"line":45},"6":{"name":"(anonymous_6)","decl":{"start":{"line":54,"column":25},"end":{"line":54,"column":26}},"loc":{"start":{"line":54,"column":37},"end":{"line":56,"column":1}},"line":54},"7":{"name":"(anonymous_7)","decl":{"start":{"line":64,"column":21},"end":{"line":64,"column":22}},"loc":{"start":{"line":64,"column":79},"end":{"line":84,"column":1}},"line":64},"8":{"name":"(anonymous_8)","decl":{"start":{"line":65,"column":34},"end":{"line":65,"column":35}},"loc":{"start":{"line":65,"column":45},"end":{"line":83,"column":3}},"line":65},"9":{"name":"(anonymous_9)","decl":{"start":{"line":67,"column":53},"end":{"line":67,"column":54}},"loc":{"start":{"line":67,"column":63},"end":{"line":67,"column":81}},"line":67}},"branchMap":{"0":{"loc":{"start":{"line":47,"column":2},"end":{"line":47,"column":43}},"type":"if","locations":[{"start":{"line":47,"column":2},"end":{"line":47,"column":43}},{"start":{},"end":{}}],"line":47}},"s":{"0":1,"1":1,"2":0,"3":1,"4":0,"5":1,"6":0,"7":1,"8":0,"9":1,"10":0,"11":1,"12":0,"13":0,"14":0,"15":0,"16":1,"17":0,"18":1,"19":0,"20":0,"21":0,"22":0,"23":0,"24":0,"25":0},"f":{"0":0,"1":0,"2":0,"3":0,"4":0,"5":0,"6":0,"7":0,"8":0,"9":0},"b":{"0":[0,0]},"_coverageSchema":"1a1c01bbd47fc00a2c39e90264f33305004495a9","hash":"f16e00c36bffbc404b67f2bf029583ec10777cfd"}
,"/Users/fandupratamalakuana/freelance/FlipTask/src/helper/string/index.ts": {"path":"/Users/fandupratamalakuana/freelance/FlipTask/src/helper/string/index.ts","statementMap":{"0":{"start":{"line":1,"column":26},"end":{"line":6,"column":1}},"1":{"start":{"line":2,"column":2},"end":{"line":4,"column":3}},"2":{"start":{"line":3,"column":4},"end":{"line":3,"column":66}},"3":{"start":{"line":5,"column":2},"end":{"line":5,"column":13}},"4":{"start":{"line":8,"column":20},"end":{"line":10,"column":1}}},"fnMap":{"0":{"name":"(anonymous_0)","decl":{"start":{"line":1,"column":26},"end":{"line":1,"column":27}},"loc":{"start":{"line":1,"column":74},"end":{"line":6,"column":1}},"line":1}},"branchMap":{"0":{"loc":{"start":{"line":2,"column":2},"end":{"line":4,"column":3}},"type":"if","locations":[{"start":{"line":2,"column":2},"end":{"line":4,"column":3}},{"start":{},"end":{}}],"line":2},"1":{"loc":{"start":{"line":2,"column":6},"end":{"line":2,"column":24}},"type":"binary-expr","locations":[{"start":{"line":2,"column":6},"end":{"line":2,"column":11}},{"start":{"line":2,"column":15},"end":{"line":2,"column":24}}],"line":2}},"s":{"0":2,"1":0,"2":0,"3":0,"4":2},"f":{"0":0},"b":{"0":[0,0],"1":[0,0]},"_coverageSchema":"1a1c01bbd47fc00a2c39e90264f33305004495a9","hash":"bbf6a9340818224ac474bc3c2be84cbd653e3aab"}
,"/Users/fandupratamalakuana/freelance/FlipTask/src/screens/HistoryTransaction/Detail/index.tsx": {"path":"/Users/fandupratamalakuana/freelance/FlipTask/src/screens/HistoryTransaction/Detail/index.tsx","statementMap":{"0":{"start":{"line":26,"column":54},"end":{"line":107,"column":1}},"1":{"start":{"line":27,"column":19},"end":{"line":27,"column":31}},"2":{"start":{"line":28,"column":18},"end":{"line":28,"column":66}},"3":{"start":{"line":29,"column":19},"end":{"line":29,"column":69}},"4":{"start":{"line":31,"column":21},"end":{"line":31,"column":56}},"5":{"start":{"line":32,"column":26},"end":{"line":32,"column":66}},"6":{"start":{"line":33,"column":26},"end":{"line":33,"column":66}},"7":{"start":{"line":34,"column":24},"end":{"line":34,"column":48}},"8":{"start":{"line":35,"column":17},"end":{"line":35,"column":33}},"9":{"start":{"line":36,"column":16},"end":{"line":36,"column":32}},"10":{"start":{"line":37,"column":14},"end":{"line":37,"column":27}},"11":{"start":{"line":38,"column":20},"end":{"line":38,"column":40}},"12":{"start":{"line":40,"column":19},"end":{"line":69,"column":3}},"13":{"start":{"line":41,"column":4},"end":{"line":68,"column":5}},"14":{"start":{"line":43,"column":8},"end":{"line":43,"column":24}},"15":{"start":{"line":45,"column":8},"end":{"line":45,"column":25}},"16":{"start":{"line":47,"column":8},"end":{"line":47,"column":22}},"17":{"start":{"line":49,"column":8},"end":{"line":49,"column":22}},"18":{"start":{"line":51,"column":8},"end":{"line":51,"column":20}},"19":{"start":{"line":53,"column":8},"end":{"line":53,"column":21}},"20":{"start":{"line":55,"column":8},"end":{"line":55,"column":21}},"21":{"start":{"line":57,"column":8},"end":{"line":57,"column":24}},"22":{"start":{"line":59,"column":8},"end":{"line":59,"column":26}},"23":{"start":{"line":61,"column":8},"end":{"line":61,"column":24}},"24":{"start":{"line":63,"column":8},"end":{"line":63,"column":25}},"25":{"start":{"line":65,"column":8},"end":{"line":65,"column":25}},"26":{"start":{"line":67,"column":8},"end":{"line":67,"column":14}},"27":{"start":{"line":71,"column":15},"end":{"line":71,"column":52}},"28":{"start":{"line":72,"column":18},"end":{"line":72,"column":88}},"29":{"start":{"line":74,"column":2},"end":{"line":106,"column":4}},"30":{"start":{"line":109,"column":15},"end":{"line":143,"column":2}}},"fnMap":{"0":{"name":"(anonymous_0)","decl":{"start":{"line":26,"column":54},"end":{"line":26,"column":55}},"loc":{"start":{"line":26,"column":88},"end":{"line":107,"column":1}},"line":26},"1":{"name":"(anonymous_1)","decl":{"start":{"line":40,"column":19},"end":{"line":40,"column":20}},"loc":{"start":{"line":40,"column":28},"end":{"line":69,"column":3}},"line":40}},"branchMap":{"0":{"loc":{"start":{"line":28,"column":18},"end":{"line":28,"column":66}},"type":"binary-expr","locations":[{"start":{"line":28,"column":18},"end":{"line":28,"column":42}},{"start":{"line":28,"column":46},"end":{"line":28,"column":66}}],"line":28},"1":{"loc":{"start":{"line":29,"column":19},"end":{"line":29,"column":69}},"type":"binary-expr","locations":[{"start":{"line":29,"column":19},"end":{"line":29,"column":43}},{"start":{"line":29,"column":47},"end":{"line":29,"column":69}}],"line":29},"2":{"loc":{"start":{"line":41,"column":4},"end":{"line":68,"column":5}},"type":"switch","locations":[{"start":{"line":42,"column":6},"end":{"line":43,"column":24}},{"start":{"line":44,"column":6},"end":{"line":45,"column":25}},{"start":{"line":46,"column":6},"end":{"line":47,"column":22}},{"start":{"line":48,"column":6},"end":{"line":49,"column":22}},{"start":{"line":50,"column":6},"end":{"line":51,"column":20}},{"start":{"line":52,"column":6},"end":{"line":53,"column":21}},{"start":{"line":54,"column":6},"end":{"line":55,"column":21}},{"start":{"line":56,"column":6},"end":{"line":57,"column":24}},{"start":{"line":58,"column":6},"end":{"line":59,"column":26}},{"start":{"line":60,"column":6},"end":{"line":61,"column":24}},{"start":{"line":62,"column":6},"end":{"line":63,"column":25}},{"start":{"line":64,"column":6},"end":{"line":65,"column":25}},{"start":{"line":66,"column":6},"end":{"line":67,"column":14}}],"line":41}},"s":{"0":1,"1":1,"2":1,"3":0,"4":0,"5":0,"6":0,"7":0,"8":0,"9":0,"10":0,"11":0,"12":0,"13":0,"14":0,"15":0,"16":0,"17":0,"18":0,"19":0,"20":0,"21":0,"22":0,"23":0,"24":0,"25":0,"26":0,"27":0,"28":0,"29":0,"30":1},"f":{"0":1,"1":0},"b":{"0":[1,0],"1":[0,0],"2":[0,0,0,0,0,0,0,0,0,0,0,0,0]},"_coverageSchema":"1a1c01bbd47fc00a2c39e90264f33305004495a9","hash":"398d8e9c648fb8cf607c282023e4c2b3e1d70e52"}
,"/Users/fandupratamalakuana/freelance/FlipTask/src/screens/HistoryTransaction/List/index.tsx": {"path":"/Users/fandupratamalakuana/freelance/FlipTask/src/screens/HistoryTransaction/List/index.tsx","statementMap":{"0":{"start":{"line":24,"column":38},"end":{"line":212,"column":1}},"1":{"start":{"line":27,"column":6},"end":{"line":27,"column":35}},"2":{"start":{"line":29,"column":42},"end":{"line":29,"column":63}},"3":{"start":{"line":30,"column":44},"end":{"line":30,"column":83}},"4":{"start":{"line":31,"column":34},"end":{"line":56,"column":4}},"5":{"start":{"line":57,"column":46},"end":{"line":57,"column":64}},"6":{"start":{"line":58,"column":38},"end":{"line":58,"column":59}},"7":{"start":{"line":60,"column":20},"end":{"line":68,"column":3}},"8":{"start":{"line":61,"column":4},"end":{"line":61,"column":26}},"9":{"start":{"line":62,"column":4},"end":{"line":62,"column":26}},"10":{"start":{"line":63,"column":4},"end":{"line":63,"column":25}},"11":{"start":{"line":64,"column":4},"end":{"line":64,"column":26}},"12":{"start":{"line":65,"column":4},"end":{"line":65,"column":27}},"13":{"start":{"line":66,"column":4},"end":{"line":66,"column":27}},"14":{"start":{"line":70,"column":22},"end":{"line":75,"column":3}},"15":{"start":{"line":71,"column":4},"end":{"line":74,"column":6}},"16":{"start":{"line":77,"column":31},"end":{"line":84,"column":3}},"17":{"start":{"line":78,"column":4},"end":{"line":82,"column":7}},"18":{"start":{"line":83,"column":4},"end":{"line":83,"column":25}},"19":{"start":{"line":86,"column":23},"end":{"line":89,"column":3}},"20":{"start":{"line":87,"column":4},"end":{"line":87,"column":28}},"21":{"start":{"line":88,"column":4},"end":{"line":88,"column":28}},"22":{"start":{"line":91,"column":22},"end":{"line":121,"column":3}},"23":{"start":{"line":92,"column":4},"end":{"line":120,"column":5}},"24":{"start":{"line":93,"column":6},"end":{"line":93,"column":36}},"25":{"start":{"line":94,"column":11},"end":{"line":120,"column":5}},"26":{"start":{"line":95,"column":25},"end":{"line":102,"column":8}},"27":{"start":{"line":96,"column":21},"end":{"line":96,"column":41}},"28":{"start":{"line":97,"column":23},"end":{"line":97,"column":45}},"29":{"start":{"line":98,"column":22},"end":{"line":98,"column":62}},"30":{"start":{"line":99,"column":23},"end":{"line":99,"column":155}},"31":{"start":{"line":101,"column":8},"end":{"line":101,"column":22}},"32":{"start":{"line":103,"column":6},"end":{"line":103,"column":24}},"33":{"start":{"line":104,"column":11},"end":{"line":120,"column":5}},"34":{"start":{"line":105,"column":6},"end":{"line":117,"column":9}},"35":{"start":{"line":106,"column":22},"end":{"line":106,"column":39}},"36":{"start":{"line":107,"column":22},"end":{"line":107,"column":39}},"37":{"start":{"line":108,"column":8},"end":{"line":116,"column":9}},"38":{"start":{"line":109,"column":10},"end":{"line":109,"column":112}},"39":{"start":{"line":110,"column":15},"end":{"line":116,"column":9}},"40":{"start":{"line":111,"column":10},"end":{"line":111,"column":112}},"41":{"start":{"line":112,"column":15},"end":{"line":116,"column":9}},"42":{"start":{"line":113,"column":10},"end":{"line":113,"column":100}},"43":{"start":{"line":114,"column":15},"end":{"line":116,"column":9}},"44":{"start":{"line":115,"column":10},"end":{"line":115,"column":100}},"45":{"start":{"line":119,"column":6},"end":{"line":119,"column":36}},"46":{"start":{"line":123,"column":30},"end":{"line":126,"column":3}},"47":{"start":{"line":124,"column":21},"end":{"line":124,"column":92}},"48":{"start":{"line":124,"column":59},"end":{"line":124,"column":91}},"49":{"start":{"line":125,"column":4},"end":{"line":125,"column":29}},"50":{"start":{"line":128,"column":33},"end":{"line":158,"column":3}},"51":{"start":{"line":129,"column":4},"end":{"line":157,"column":6}},"52":{"start":{"line":144,"column":16},"end":{"line":151,"column":23}},"53":{"start":{"line":147,"column":41},"end":{"line":147,"column":67}},"54":{"start":{"line":160,"column":2},"end":{"line":211,"column":4}},"55":{"start":{"line":169,"column":36},"end":{"line":169,"column":54}},"56":{"start":{"line":191,"column":38},"end":{"line":191,"column":54}},"57":{"start":{"line":193,"column":12},"end":{"line":193,"column":36}},"58":{"start":{"line":196,"column":12},"end":{"line":205,"column":14}},"59":{"start":{"line":201,"column":16},"end":{"line":203,"column":18}},"60":{"start":{"line":214,"column":15},"end":{"line":278,"column":2}}},"fnMap":{"0":{"name":"(anonymous_0)","decl":{"start":{"line":24,"column":38},"end":{"line":24,"column":39}},"loc":{"start":{"line":24,"column":44},"end":{"line":212,"column":1}},"line":24},"1":{"name":"(anonymous_1)","decl":{"start":{"line":60,"column":20},"end":{"line":60,"column":21}},"loc":{"start":{"line":60,"column":32},"end":{"line":68,"column":3}},"line":60},"2":{"name":"(anonymous_2)","decl":{"start":{"line":70,"column":22},"end":{"line":70,"column":23}},"loc":{"start":{"line":70,"column":28},"end":{"line":75,"column":3}},"line":70},"3":{"name":"(anonymous_3)","decl":{"start":{"line":77,"column":31},"end":{"line":77,"column":32}},"loc":{"start":{"line":77,"column":41},"end":{"line":84,"column":3}},"line":77},"4":{"name":"(anonymous_4)","decl":{"start":{"line":86,"column":23},"end":{"line":86,"column":24}},"loc":{"start":{"line":86,"column":41},"end":{"line":89,"column":3}},"line":86},"5":{"name":"(anonymous_5)","decl":{"start":{"line":91,"column":22},"end":{"line":91,"column":23}},"loc":{"start":{"line":91,"column":28},"end":{"line":121,"column":3}},"line":91},"6":{"name":"(anonymous_6)","decl":{"start":{"line":95,"column":55},"end":{"line":95,"column":56}},"loc":{"start":{"line":95,"column":63},"end":{"line":102,"column":7}},"line":95},"7":{"name":"(anonymous_7)","decl":{"start":{"line":105,"column":34},"end":{"line":105,"column":35}},"loc":{"start":{"line":105,"column":44},"end":{"line":117,"column":7}},"line":105},"8":{"name":"(anonymous_8)","decl":{"start":{"line":123,"column":30},"end":{"line":123,"column":31}},"loc":{"start":{"line":123,"column":36},"end":{"line":126,"column":3}},"line":123},"9":{"name":"(anonymous_9)","decl":{"start":{"line":124,"column":50},"end":{"line":124,"column":51}},"loc":{"start":{"line":124,"column":59},"end":{"line":124,"column":91}},"line":124},"10":{"name":"(anonymous_10)","decl":{"start":{"line":128,"column":33},"end":{"line":128,"column":34}},"loc":{"start":{"line":128,"column":39},"end":{"line":158,"column":3}},"line":128},"11":{"name":"(anonymous_11)","decl":{"start":{"line":143,"column":42},"end":{"line":143,"column":43}},"loc":{"start":{"line":144,"column":16},"end":{"line":151,"column":23}},"line":144},"12":{"name":"(anonymous_12)","decl":{"start":{"line":147,"column":35},"end":{"line":147,"column":36}},"loc":{"start":{"line":147,"column":41},"end":{"line":147,"column":67}},"line":147},"13":{"name":"(anonymous_13)","decl":{"start":{"line":169,"column":26},"end":{"line":169,"column":27}},"loc":{"start":{"line":169,"column":36},"end":{"line":169,"column":54}},"line":169},"14":{"name":"(anonymous_14)","decl":{"start":{"line":191,"column":24},"end":{"line":191,"column":25}},"loc":{"start":{"line":191,"column":38},"end":{"line":191,"column":54}},"line":191},"15":{"name":"(anonymous_15)","decl":{"start":{"line":192,"column":30},"end":{"line":192,"column":31}},"loc":{"start":{"line":192,"column":36},"end":{"line":194,"column":11}},"line":192},"16":{"name":"(anonymous_16)","decl":{"start":{"line":195,"column":22},"end":{"line":195,"column":23}},"loc":{"start":{"line":196,"column":12},"end":{"line":205,"column":14}},"line":196},"17":{"name":"(anonymous_17)","decl":{"start":{"line":200,"column":23},"end":{"line":200,"column":24}},"loc":{"start":{"line":200,"column":29},"end":{"line":203,"column":19}},"line":200}},"branchMap":{"0":{"loc":{"start":{"line":92,"column":4},"end":{"line":120,"column":5}},"type":"if","locations":[{"start":{"line":92,"column":4},"end":{"line":120,"column":5}},{"start":{"line":94,"column":11},"end":{"line":120,"column":5}}],"line":92},"1":{"loc":{"start":{"line":94,"column":11},"end":{"line":120,"column":5}},"type":"if","locations":[{"start":{"line":94,"column":11},"end":{"line":120,"column":5}},{"start":{"line":104,"column":11},"end":{"line":120,"column":5}}],"line":94},"2":{"loc":{"start":{"line":94,"column":15},"end":{"line":94,"column":58}},"type":"binary-expr","locations":[{"start":{"line":94,"column":15},"end":{"line":94,"column":31}},{"start":{"line":94,"column":35},"end":{"line":94,"column":58}}],"line":94},"3":{"loc":{"start":{"line":99,"column":23},"end":{"line":99,"column":155}},"type":"binary-expr","locations":[{"start":{"line":99,"column":23},"end":{"line":99,"column":53}},{"start":{"line":99,"column":57},"end":{"line":99,"column":82}},{"start":{"line":99,"column":86},"end":{"line":99,"column":116}},{"start":{"line":99,"column":120},"end":{"line":99,"column":155}}],"line":99},"4":{"loc":{"start":{"line":104,"column":11},"end":{"line":120,"column":5}},"type":"if","locations":[{"start":{"line":104,"column":11},"end":{"line":120,"column":5}},{"start":{},"end":{}}],"line":104},"5":{"loc":{"start":{"line":108,"column":8},"end":{"line":116,"column":9}},"type":"if","locations":[{"start":{"line":108,"column":8},"end":{"line":116,"column":9}},{"start":{"line":110,"column":15},"end":{"line":116,"column":9}}],"line":108},"6":{"loc":{"start":{"line":110,"column":15},"end":{"line":116,"column":9}},"type":"if","locations":[{"start":{"line":110,"column":15},"end":{"line":116,"column":9}},{"start":{"line":112,"column":15},"end":{"line":116,"column":9}}],"line":110},"7":{"loc":{"start":{"line":112,"column":15},"end":{"line":116,"column":9}},"type":"if","locations":[{"start":{"line":112,"column":15},"end":{"line":116,"column":9}},{"start":{"line":114,"column":15},"end":{"line":116,"column":9}}],"line":112},"8":{"loc":{"start":{"line":114,"column":15},"end":{"line":116,"column":9}},"type":"if","locations":[{"start":{"line":114,"column":15},"end":{"line":116,"column":9}},{"start":{},"end":{}}],"line":114},"9":{"loc":{"start":{"line":183,"column":7},"end":{"line":207,"column":10}},"type":"cond-expr","locations":[{"start":{"line":184,"column":8},"end":{"line":184,"column":83}},{"start":{"line":185,"column":8},"end":{"line":207,"column":10}}],"line":183}},"s":{"0":1,"1":2,"2":1,"3":1,"4":1,"5":1,"6":1,"7":1,"8":0,"9":0,"10":0,"11":0,"12":0,"13":0,"14":1,"15":0,"16":1,"17":0,"18":0,"19":1,"20":0,"21":0,"22":1,"23":0,"24":0,"25":0,"26":0,"27":0,"28":0,"29":0,"30":0,"31":0,"32":0,"33":0,"34":0,"35":0,"36":0,"37":0,"38":0,"39":0,"40":0,"41":0,"42":0,"43":0,"44":0,"45":0,"46":1,"47":1,"48":5,"49":1,"50":1,"51":2,"52":10,"53":0,"54":1,"55":0,"56":0,"57":0,"58":0,"59":0,"60":1},"f":{"0":2,"1":0,"2":0,"3":0,"4":0,"5":0,"6":0,"7":0,"8":1,"9":5,"10":2,"11":10,"12":0,"13":0,"14":0,"15":0,"16":0,"17":0},"b":{"0":[0,0],"1":[0,0],"2":[0,0],"3":[0,0,0,0],"4":[0,0],"5":[0,0],"6":[0,0],"7":[0,0],"8":[0,0],"9":[1,0]},"_coverageSchema":"1a1c01bbd47fc00a2c39e90264f33305004495a9","hash":"02a2ac277516899b5ad23d0672312533fe68abbe"}
,"/Users/fandupratamalakuana/freelance/FlipTask/src/screens/HistoryTransaction/components/ItemList.tsx": {"path":"/Users/fandupratamalakuana/freelance/FlipTask/src/screens/HistoryTransaction/components/ItemList.tsx","statementMap":{"0":{"start":{"line":30,"column":34},"end":{"line":120,"column":1}},"1":{"start":{"line":35,"column":18},"end":{"line":35,"column":38}},"2":{"start":{"line":36,"column":19},"end":{"line":36,"column":41}},"3":{"start":{"line":38,"column":21},"end":{"line":38,"column":56}},"4":{"start":{"line":39,"column":26},"end":{"line":39,"column":66}},"5":{"start":{"line":40,"column":26},"end":{"line":40,"column":66}},"6":{"start":{"line":41,"column":20},"end":{"line":41,"column":40}},"7":{"start":{"line":42,"column":16},"end":{"line":42,"column":32}},"8":{"start":{"line":43,"column":20},"end":{"line":43,"column":50}},"9":{"start":{"line":44,"column":22},"end":{"line":48,"column":3}},"10":{"start":{"line":50,"column":19},"end":{"line":79,"column":3}},"11":{"start":{"line":51,"column":4},"end":{"line":78,"column":5}},"12":{"start":{"line":53,"column":8},"end":{"line":53,"column":24}},"13":{"start":{"line":55,"column":8},"end":{"line":55,"column":25}},"14":{"start":{"line":57,"column":8},"end":{"line":57,"column":22}},"15":{"start":{"line":59,"column":8},"end":{"line":59,"column":22}},"16":{"start":{"line":61,"column":8},"end":{"line":61,"column":20}},"17":{"start":{"line":63,"column":8},"end":{"line":63,"column":21}},"18":{"start":{"line":65,"column":8},"end":{"line":65,"column":21}},"19":{"start":{"line":67,"column":8},"end":{"line":67,"column":24}},"20":{"start":{"line":69,"column":8},"end":{"line":69,"column":26}},"21":{"start":{"line":71,"column":8},"end":{"line":71,"column":24}},"22":{"start":{"line":73,"column":8},"end":{"line":73,"column":25}},"23":{"start":{"line":75,"column":8},"end":{"line":75,"column":25}},"24":{"start":{"line":77,"column":8},"end":{"line":77,"column":14}},"25":{"start":{"line":81,"column":15},"end":{"line":81,"column":52}},"26":{"start":{"line":82,"column":18},"end":{"line":82,"column":88}},"27":{"start":{"line":84,"column":2},"end":{"line":119,"column":4}},"28":{"start":{"line":122,"column":15},"end":{"line":183,"column":2}}},"fnMap":{"0":{"name":"(anonymous_0)","decl":{"start":{"line":30,"column":34},"end":{"line":30,"column":35}},"loc":{"start":{"line":34,"column":13},"end":{"line":120,"column":1}},"line":34},"1":{"name":"(anonymous_1)","decl":{"start":{"line":50,"column":19},"end":{"line":50,"column":20}},"loc":{"start":{"line":50,"column":28},"end":{"line":79,"column":3}},"line":50}},"branchMap":{"0":{"loc":{"start":{"line":44,"column":22},"end":{"line":48,"column":3}},"type":"cond-expr","locations":[{"start":{"line":44,"column":34},"end":{"line":46,"column":3}},{"start":{"line":46,"column":6},"end":{"line":48,"column":3}}],"line":44},"1":{"loc":{"start":{"line":51,"column":4},"end":{"line":78,"column":5}},"type":"switch","locations":[{"start":{"line":52,"column":6},"end":{"line":53,"column":24}},{"start":{"line":54,"column":6},"end":{"line":55,"column":25}},{"start":{"line":56,"column":6},"end":{"line":57,"column":22}},{"start":{"line":58,"column":6},"end":{"line":59,"column":22}},{"start":{"line":60,"column":6},"end":{"line":61,"column":20}},{"start":{"line":62,"column":6},"end":{"line":63,"column":21}},{"start":{"line":64,"column":6},"end":{"line":65,"column":21}},{"start":{"line":66,"column":6},"end":{"line":67,"column":24}},{"start":{"line":68,"column":6},"end":{"line":69,"column":26}},{"start":{"line":70,"column":6},"end":{"line":71,"column":24}},{"start":{"line":72,"column":6},"end":{"line":73,"column":25}},{"start":{"line":74,"column":6},"end":{"line":75,"column":25}},{"start":{"line":76,"column":6},"end":{"line":77,"column":14}}],"line":51},"2":{"loc":{"start":{"line":94,"column":11},"end":{"line":110,"column":18}},"type":"cond-expr","locations":[{"start":{"line":94,"column":24},"end":{"line":101,"column":17}},{"start":{"line":102,"column":10},"end":{"line":110,"column":17}}],"line":94}},"s":{"0":1,"1":0,"2":0,"3":0,"4":0,"5":0,"6":0,"7":0,"8":0,"9":0,"10":0,"11":0,"12":0,"13":0,"14":0,"15":0,"16":0,"17":0,"18":0,"19":0,"20":0,"21":0,"22":0,"23":0,"24":0,"25":0,"26":0,"27":0,"28":1},"f":{"0":0,"1":0},"b":{"0":[0,0],"1":[0,0,0,0,0,0,0,0,0,0,0,0,0],"2":[0,0]},"_coverageSchema":"1a1c01bbd47fc00a2c39e90264f33305004495a9","hash":"8ccab005584ad01eefaf5b01e37758d8c82bc135"}
,"/Users/fandupratamalakuana/freelance/FlipTask/src/theme/appStyles.ts": {"path":"/Users/fandupratamalakuana/freelance/FlipTask/src/theme/appStyles.ts","statementMap":{"0":{"start":{"line":4,"column":18},"end":{"line":59,"column":2}},"1":{"start":{"line":61,"column":0},"end":{"line":61,"column":55}},"2":{"start":{"line":62,"column":0},"end":{"line":62,"column":57}},"3":{"start":{"line":63,"column":0},"end":{"line":68,"column":2}}},"fnMap":{},"branchMap":{},"s":{"0":5,"1":5,"2":5,"3":5},"f":{},"b":{},"_coverageSchema":"1a1c01bbd47fc00a2c39e90264f33305004495a9","hash":"4b7e7d3fff4ae81f24f8b1f9cf8a267da0b9c85c"}
,"/Users/fandupratamalakuana/freelance/FlipTask/src/theme/colors.ts": {"path":"/Users/fandupratamalakuana/freelance/FlipTask/src/theme/colors.ts","statementMap":{"0":{"start":{"line":1,"column":15},"end":{"line":36,"column":1}}},"fnMap":{},"branchMap":{},"s":{"0":7},"f":{},"b":{},"_coverageSchema":"1a1c01bbd47fc00a2c39e90264f33305004495a9","hash":"4d4ccfc4d8c9c088dca0fb3decfac470164cb3c0"}
,"/Users/fandupratamalakuana/freelance/FlipTask/src/theme/fonts.ts": {"path":"/Users/fandupratamalakuana/freelance/FlipTask/src/theme/fonts.ts","statementMap":{"0":{"start":{"line":14,"column":19},"end":{"line":23,"column":1}},"1":{"start":{"line":25,"column":13},"end":{"line":38,"column":1}},"2":{"start":{"line":40,"column":14},"end":{"line":59,"column":1}}},"fnMap":{},"branchMap":{},"s":{"0":1,"1":1,"2":1},"f":{},"b":{},"_coverageSchema":"1a1c01bbd47fc00a2c39e90264f33305004495a9","hash":"092165e631bb98be75b342babd03b47dd5c2a584"}
,"/Users/fandupratamalakuana/freelance/FlipTask/src/uikit/Checkbox/index.tsx": {"path":"/Users/fandupratamalakuana/freelance/FlipTask/src/uikit/Checkbox/index.tsx","statementMap":{"0":{"start":{"line":18,"column":34},"end":{"line":40,"column":1}},"1":{"start":{"line":27,"column":2},"end":{"line":39,"column":21}},"2":{"start":{"line":42,"column":15},"end":{"line":60,"column":2}},"3":{"start":{"line":62,"column":0},"end":{"line":67,"column":2}}},"fnMap":{"0":{"name":"(anonymous_0)","decl":{"start":{"line":18,"column":34},"end":{"line":18,"column":35}},"loc":{"start":{"line":27,"column":2},"end":{"line":39,"column":21}},"line":27}},"branchMap":{"0":{"loc":{"start":{"line":29,"column":24},"end":{"line":29,"column":52}},"type":"binary-expr","locations":[{"start":{"line":29,"column":24},"end":{"line":29,"column":42}},{"start":{"line":29,"column":46},"end":{"line":29,"column":52}}],"line":29},"1":{"loc":{"start":{"line":36,"column":7},"end":{"line":36,"column":73}},"type":"binary-expr","locations":[{"start":{"line":36,"column":7},"end":{"line":36,"column":14}},{"start":{"line":36,"column":18},"end":{"line":36,"column":73}}],"line":36},"2":{"loc":{"start":{"line":38,"column":5},"end":{"line":38,"column":77}},"type":"binary-expr","locations":[{"start":{"line":38,"column":5},"end":{"line":38,"column":10}},{"start":{"line":38,"column":14},"end":{"line":38,"column":77}}],"line":38}},"s":{"0":2,"1":1,"2":2,"3":2},"f":{"0":1},"b":{"0":[1,1],"1":[1,1],"2":[1,0]},"_coverageSchema":"1a1c01bbd47fc00a2c39e90264f33305004495a9","hash":"2c78eb71a0fc55b01fab81d2add364d854e17d61"}
,"/Users/fandupratamalakuana/freelance/FlipTask/src/uikit/Divider/index.tsx": {"path":"/Users/fandupratamalakuana/freelance/FlipTask/src/uikit/Divider/index.tsx","statementMap":{"0":{"start":{"line":15,"column":48},"end":{"line":20,"column":1}},"1":{"start":{"line":16,"column":16},"end":{"line":16,"column":50}},"2":{"start":{"line":17,"column":22},"end":{"line":17,"column":55}},"3":{"start":{"line":19,"column":2},"end":{"line":19,"column":38}},"4":{"start":{"line":22,"column":32},"end":{"line":26,"column":1}},"5":{"start":{"line":23,"column":2},"end":{"line":25,"column":9}},"6":{"start":{"line":28,"column":0},"end":{"line":32,"column":2}},"7":{"start":{"line":34,"column":15},"end":{"line":53,"column":2}},"8":{"start":{"line":55,"column":0},"end":{"line":55,"column":35}}},"fnMap":{"0":{"name":"(anonymous_0)","decl":{"start":{"line":15,"column":48},"end":{"line":15,"column":49}},"loc":{"start":{"line":15,"column":91},"end":{"line":20,"column":1}},"line":15},"1":{"name":"(anonymous_1)","decl":{"start":{"line":22,"column":32},"end":{"line":22,"column":33}},"loc":{"start":{"line":23,"column":2},"end":{"line":25,"column":9}},"line":23}},"branchMap":{},"s":{"0":1,"1":0,"2":0,"3":0,"4":1,"5":0,"6":1,"7":1,"8":1},"f":{"0":0,"1":0},"b":{},"_coverageSchema":"1a1c01bbd47fc00a2c39e90264f33305004495a9","hash":"da816fe19014da9a6ad15e0e3581b22ced053734"}
,"/Users/fandupratamalakuana/freelance/FlipTask/src/uikit/Dot/index.tsx": {"path":"/Users/fandupratamalakuana/freelance/FlipTask/src/uikit/Dot/index.tsx","statementMap":{"0":{"start":{"line":5,"column":22},"end":{"line":5,"column":55}},"1":{"start":{"line":5,"column":28},"end":{"line":5,"column":55}},"2":{"start":{"line":7,"column":15},"end":{"line":15,"column":2}}},"fnMap":{"0":{"name":"(anonymous_0)","decl":{"start":{"line":5,"column":22},"end":{"line":5,"column":23}},"loc":{"start":{"line":5,"column":28},"end":{"line":5,"column":55}},"line":5}},"branchMap":{},"s":{"0":2,"1":1,"2":2},"f":{"0":1},"b":{},"_coverageSchema":"1a1c01bbd47fc00a2c39e90264f33305004495a9","hash":"69f6cb6fcb19fd563280eabe068a0b5a1280c6b0"}
,"/Users/fandupratamalakuana/freelance/FlipTask/src/uikit/EmptyContent/index.tsx": {"path":"/Users/fandupratamalakuana/freelance/FlipTask/src/uikit/EmptyContent/index.tsx","statementMap":{"0":{"start":{"line":13,"column":38},"end":{"line":27,"column":1}},"1":{"start":{"line":14,"column":2},"end":{"line":26,"column":9}},"2":{"start":{"line":29,"column":15},"end":{"line":35,"column":2}},"3":{"start":{"line":37,"column":0},"end":{"line":42,"column":2}}},"fnMap":{"0":{"name":"(anonymous_0)","decl":{"start":{"line":13,"column":38},"end":{"line":13,"column":39}},"loc":{"start":{"line":14,"column":2},"end":{"line":26,"column":9}},"line":14}},"branchMap":{"0":{"loc":{"start":{"line":17,"column":24},"end":{"line":17,"column":52}},"type":"binary-expr","locations":[{"start":{"line":17,"column":24},"end":{"line":17,"column":42}},{"start":{"line":17,"column":46},"end":{"line":17,"column":52}}],"line":17}},"s":{"0":2,"1":1,"2":2,"3":2},"f":{"0":1},"b":{"0":[1,0]},"_coverageSchema":"1a1c01bbd47fc00a2c39e90264f33305004495a9","hash":"c2790ab8266aa46b049183eace4ab6c10ff4bdb8"}
,"/Users/fandupratamalakuana/freelance/FlipTask/src/uikit/Icon/index.tsx": {"path":"/Users/fandupratamalakuana/freelance/FlipTask/src/uikit/Icon/index.tsx","statementMap":{"0":{"start":{"line":18,"column":16},"end":{"line":18,"column":52}},"1":{"start":{"line":20,"column":30},"end":{"line":48,"column":1}},"2":{"start":{"line":30,"column":2},"end":{"line":46,"column":3}},"3":{"start":{"line":31,"column":4},"end":{"line":45,"column":6}},"4":{"start":{"line":47,"column":2},"end":{"line":47,"column":14}},"5":{"start":{"line":50,"column":0},"end":{"line":58,"column":2}}},"fnMap":{"0":{"name":"(anonymous_0)","decl":{"start":{"line":20,"column":30},"end":{"line":20,"column":31}},"loc":{"start":{"line":29,"column":13},"end":{"line":48,"column":1}},"line":29}},"branchMap":{"0":{"loc":{"start":{"line":30,"column":2},"end":{"line":46,"column":3}},"type":"if","locations":[{"start":{"line":30,"column":2},"end":{"line":46,"column":3}},{"start":{},"end":{}}],"line":30},"1":{"loc":{"start":{"line":33,"column":18},"end":{"line":33,"column":51}},"type":"binary-expr","locations":[{"start":{"line":33,"column":18},"end":{"line":33,"column":26}},{"start":{"line":33,"column":30},"end":{"line":33,"column":51}}],"line":33},"2":{"loc":{"start":{"line":36,"column":28},"end":{"line":36,"column":56}},"type":"binary-expr","locations":[{"start":{"line":36,"column":28},"end":{"line":36,"column":46}},{"start":{"line":36,"column":50},"end":{"line":36,"column":56}}],"line":36}},"s":{"0":3,"1":3,"2":5,"3":4,"4":1,"5":3},"f":{"0":5},"b":{"0":[4,1],"1":[4,4],"2":[4,4]},"_coverageSchema":"1a1c01bbd47fc00a2c39e90264f33305004495a9","hash":"16943fab76e65612c920029fc1dcfe2c7042bec7"}
,"/Users/fandupratamalakuana/freelance/FlipTask/src/uikit/Spinner/index.tsx": {"path":"/Users/fandupratamalakuana/freelance/FlipTask/src/uikit/Spinner/index.tsx","statementMap":{"0":{"start":{"line":12,"column":33},"end":{"line":19,"column":1}},"1":{"start":{"line":13,"column":2},"end":{"line":18,"column":4}},"2":{"start":{"line":21,"column":0},"end":{"line":26,"column":2}}},"fnMap":{"0":{"name":"(anonymous_0)","decl":{"start":{"line":12,"column":33},"end":{"line":12,"column":34}},"loc":{"start":{"line":13,"column":2},"end":{"line":18,"column":4}},"line":13}},"branchMap":{"0":{"loc":{"start":{"line":15,"column":24},"end":{"line":15,"column":52}},"type":"binary-expr","locations":[{"start":{"line":15,"column":24},"end":{"line":15,"column":42}},{"start":{"line":15,"column":46},"end":{"line":15,"column":52}}],"line":15}},"s":{"0":2,"1":2,"2":2},"f":{"0":2},"b":{"0":[2,2]},"_coverageSchema":"1a1c01bbd47fc00a2c39e90264f33305004495a9","hash":"310ed1234f3f562f49653298f18a9c61c768c32e"}
}
